<?xml version="1.0" encoding="UTF-8"?>
<!-- Generated by org.testng.reporters.JUnitReportReporter -->
<testsuite skipped="0" hostname="DESKTOP-STFIVSM" name="mavenPOC.MavenTestClass" tests="1" failures="0" timestamp="2020-04-13T13:30:28 BST" time="10.891" errors="0">
  <testcase name="testgooglesearch" time="10.891" classname="mavenPOC.MavenTestClass"/>
</testsuite> <!-- mavenPOC.MavenTestClass -->
