<?xml version="1.0" encoding="UTF-8"?>
<!-- Generated by org.testng.reporters.JUnitReportReporter -->
<testsuite skipped="0" hostname="DESKTOP-STFIVSM" name="mavenPOC.MavenTestClass" tests="1" failures="0" timestamp="2020-04-09T19:08:12 BST" time="11.150" errors="0">
  <testcase name="testgooglesearch" time="11.150" classname="mavenPOC.MavenTestClass"/>
</testsuite> <!-- mavenPOC.MavenTestClass -->
